11:21:54,109 DEBUG devpinoyLogger:60 - Config file loaded !!!
11:21:54,111 DEBUG devpinoyLogger:75 - OR file loaded !!!
11:21:55,755 DEBUG devpinoyLogger:106 - Chrome Launched !!!
11:21:57,717 DEBUG devpinoyLogger:116 - Navigated to : http://www.way2automation.com/angularjs-protractor/banking/#/login
11:21:57,885 DEBUG devpinoyLogger:20 - Inside Login Test
11:21:58,768 DEBUG devpinoyLogger:25 - Login successfully executed
11:21:58,800 DEBUG cache:45 - Couldn't find template in cache for "Extent.ftl"("en_US", UTF-8, parsed); will try to load it.
11:21:58,801 DEBUG cache:45 - TemplateLoader.findTemplateSource("Extent_en_US.ftl"): Not found
11:21:58,802 DEBUG cache:45 - TemplateLoader.findTemplateSource("Extent_en.ftl"): Not found
11:21:58,804 DEBUG cache:45 - TemplateLoader.findTemplateSource("Extent.ftl"): Found
11:21:58,804 DEBUG cache:45 - Loading template for "Extent.ftl"("en_US", UTF-8, parsed) from "jar:file:/Users/chaitalim206/.m2/repository/com/relevantcodes/extentreports/2.41.2/extentreports-2.41.2.jar!/com/relevantcodes/extentreports/view/Extent.ftl"
11:21:59,832 DEBUG cache:45 - Couldn't find template in cache for "Extent.ftl"("en_US", UTF-8, parsed); will try to load it.
11:21:59,833 DEBUG cache:45 - TemplateLoader.findTemplateSource("Extent_en_US.ftl"): Not found
11:21:59,833 DEBUG cache:45 - TemplateLoader.findTemplateSource("Extent_en.ftl"): Not found
11:21:59,833 DEBUG cache:45 - TemplateLoader.findTemplateSource("Extent.ftl"): Found
11:21:59,834 DEBUG cache:45 - Loading template for "Extent.ftl"("en_US", UTF-8, parsed) from "jar:file:/Users/chaitalim206/.m2/repository/com/relevantcodes/extentreports/2.41.2/extentreports-2.41.2.jar!/com/relevantcodes/extentreports/view/Extent.ftl"
11:22:00,387 DEBUG cache:45 - Couldn't find template in cache for "Extent.ftl"("en_US", UTF-8, parsed); will try to load it.
11:22:00,387 DEBUG cache:45 - TemplateLoader.findTemplateSource("Extent_en_US.ftl"): Not found
11:22:00,388 DEBUG cache:45 - TemplateLoader.findTemplateSource("Extent_en.ftl"): Not found
11:22:00,388 DEBUG cache:45 - TemplateLoader.findTemplateSource("Extent.ftl"): Found
11:22:00,388 DEBUG cache:45 - Loading template for "Extent.ftl"("en_US", UTF-8, parsed) from "jar:file:/Users/chaitalim206/.m2/repository/com/relevantcodes/extentreports/2.41.2/extentreports-2.41.2.jar!/com/relevantcodes/extentreports/view/Extent.ftl"
11:22:00,607 DEBUG cache:45 - Couldn't find template in cache for "Extent.ftl"("en_US", UTF-8, parsed); will try to load it.
11:22:00,607 DEBUG cache:45 - TemplateLoader.findTemplateSource("Extent_en_US.ftl"): Not found
11:22:00,607 DEBUG cache:45 - TemplateLoader.findTemplateSource("Extent_en.ftl"): Not found
11:22:00,607 DEBUG cache:45 - TemplateLoader.findTemplateSource("Extent.ftl"): Found
11:22:00,607 DEBUG cache:45 - Loading template for "Extent.ftl"("en_US", UTF-8, parsed) from "jar:file:/Users/chaitalim206/.m2/repository/com/relevantcodes/extentreports/2.41.2/extentreports-2.41.2.jar!/com/relevantcodes/extentreports/view/Extent.ftl"
11:22:01,076 DEBUG cache:45 - Couldn't find template in cache for "Extent.ftl"("en_US", UTF-8, parsed); will try to load it.
11:22:01,076 DEBUG cache:45 - TemplateLoader.findTemplateSource("Extent_en_US.ftl"): Not found
11:22:01,076 DEBUG cache:45 - TemplateLoader.findTemplateSource("Extent_en.ftl"): Not found
11:22:01,076 DEBUG cache:45 - TemplateLoader.findTemplateSource("Extent.ftl"): Found
11:22:01,076 DEBUG cache:45 - Loading template for "Extent.ftl"("en_US", UTF-8, parsed) from "jar:file:/Users/chaitalim206/.m2/repository/com/relevantcodes/extentreports/2.41.2/extentreports-2.41.2.jar!/com/relevantcodes/extentreports/view/Extent.ftl"
11:22:01,223 DEBUG devpinoyLogger:171 - test execution completed !!!
